<?xml version="1.0" encoding="UTF-8"?>
<!-- Generated by org.testng.reporters.JUnitReportReporter -->
<testsuite skipped="0" hostname="Vikass-MacBook-Pro.local" name="com.parabank.qa.testcases.LoginPageTest" tests="3" failures="0" timestamp="25 Nov 2022 04:29:10 GMT" time="40.456" errors="0">
  <testcase name="loginPageTitleTest" time="7.125" classname="com.parabank.qa.testcases.LoginPageTest"/>
  <testcase name="bankLogoTest" time="24.559" classname="com.parabank.qa.testcases.LoginPageTest"/>
  <testcase name="loginTest" time="8.772" classname="com.parabank.qa.testcases.LoginPageTest"/>
</testsuite> <!-- com.parabank.qa.testcases.LoginPageTest -->
