<?xml version="1.0" encoding="UTF-8"?>
<!-- Generated by org.testng.reporters.JUnitReportReporter -->
<testsuite skipped="0" hostname="Vikass-MacBook-Pro.local" name="com.parabank.qa.testcases.RequestLoanPageTest" tests="4" failures="0" timestamp="25 Nov 2022 04:29:20 GMT" time="53.414" errors="0">
  <testcase name="verifyRequestLoanLabel" time="11.959" classname="com.parabank.qa.testcases.RequestLoanPageTest"/>
  <testcase name="applyLoanApplication" time="13.717" classname="com.parabank.qa.testcases.RequestLoanPageTest"/>
  <testcase name="applyLoanApplication" time="14.454" classname="com.parabank.qa.testcases.RequestLoanPageTest"/>
  <testcase name="applyLoanApplication" time="13.284" classname="com.parabank.qa.testcases.RequestLoanPageTest"/>
</testsuite> <!-- com.parabank.qa.testcases.RequestLoanPageTest -->
