<?xml version="1.0" encoding="UTF-8"?>
<!-- Generated by org.testng.reporters.JUnitReportReporter -->
<testsuite hostname="Vikass-MacBook-Pro.local" failures="0" tests="3" name="com.parabank.qa.testcases.LoginPageTest" time="20.065" errors="0" timestamp="26 Nov 2022 08:24:08 GMT" skipped="0">
  <testcase classname="com.parabank.qa.testcases.LoginPageTest" name="loginPageTitleTest" time="6.023"/>
  <testcase classname="com.parabank.qa.testcases.LoginPageTest" name="bankLogoTest" time="6.909"/>
  <testcase classname="com.parabank.qa.testcases.LoginPageTest" name="loginTest" time="7.133"/>
</testsuite> <!-- com.parabank.qa.testcases.LoginPageTest -->
