<?xml version="1.0" encoding="UTF-8"?>
<!-- Generated by org.testng.reporters.JUnitReportReporter -->
<testsuite hostname="Vikass-MacBook-Pro.local" failures="0" tests="4" name="com.parabank.qa.testcases.RequestLoanPageTest" time="55.580" errors="0" timestamp="26 Nov 2022 08:24:08 GMT" skipped="0">
  <testcase classname="com.parabank.qa.testcases.RequestLoanPageTest" name="verifyRequestLoanLabel" time="20.497"/>
  <testcase classname="com.parabank.qa.testcases.RequestLoanPageTest" name="applyLoanApplication" time="11.324"/>
  <testcase classname="com.parabank.qa.testcases.RequestLoanPageTest" name="applyLoanApplication" time="11.707"/>
  <testcase classname="com.parabank.qa.testcases.RequestLoanPageTest" name="applyLoanApplication" time="12.052"/>
</testsuite> <!-- com.parabank.qa.testcases.RequestLoanPageTest -->
